Using pre-set license
Built from '2020.3/staging' branch; Version is '2020.3.16f1 (049d6eca3c44) revision 302446'; Using compiler version '192528614'; Build Type 'Release'
OS: 'Windows 10 Home; OS build 19042.1110; Version 2009; 64bit' Language: 'en' Physical Memory: 7944 MB
BatchMode: 1, IsHumanControllingUs: 0, StartBugReporterOnCrash: 0, Is64bit: 1, IsPro: 0

 COMMAND LINE ARGUMENTS:
C:\Program Files\Unity\Hub\Editor\2020.3.16f1\Editor\Unity.exe
-adb2
-batchMode
-noUpm
-name
AssetImportWorker0
-projectPath
C:/Users/jabee/Desktop/Projects/Small-Car-Game/Small Car Game
-logFile
Logs/AssetImportWorker0.log
-srvPort
65200
Successfully changed project path to: C:/Users/jabee/Desktop/Projects/Small-Car-Game/Small Car Game
C:/Users/jabee/Desktop/Projects/Small-Car-Game/Small Car Game
Using Asset Import Pipeline V2.
Refreshing native plugins compatible for Editor in 36.64 ms, found 2 plugins.
Preloading 0 native plugins for Editor in 0.00 ms.
Initialize engine version: 2020.3.16f1 (049d6eca3c44)
[Subsystems] Discovering subsystems at path C:/Program Files/Unity/Hub/Editor/2020.3.16f1/Editor/Data/Resources/UnitySubsystems
[Subsystems] Discovering subsystems at path C:/Users/jabee/Desktop/Projects/Small-Car-Game/Small Car Game/Assets
GfxDevice: creating device client; threaded=0
Direct3D:
    Version:  Direct3D 11.0 [level 11.1]
    Renderer: Intel(R) HD Graphics 4600 (ID=0x416)
    Vendor:   
    VRAM:     2048 MB
    Driver:   20.19.15.4624
Initialize mono
Mono path[0] = 'C:/Program Files/Unity/Hub/Editor/2020.3.16f1/Editor/Data/Managed'
Mono path[1] = 'C:/Program Files/Unity/Hub/Editor/2020.3.16f1/Editor/Data/MonoBleedingEdge/lib/mono/unityjit'
Mono config path = 'C:/Program Files/Unity/Hub/Editor/2020.3.16f1/Editor/Data/MonoBleedingEdge/etc'
Using monoOptions --debugger-agent=transport=dt_socket,embedding=1,server=y,suspend=n,address=127.0.0.1:56004
Begin MonoManager ReloadAssembly
Registering precompiled unity dll's ...
Register platform support module: C:/Program Files/Unity/Hub/Editor/2020.3.16f1/Editor/Data/PlaybackEngines/WindowsStandaloneSupport/UnityEditor.WindowsStandalone.Extensions.dll
Registered in 0.005243 seconds.
Native extension for WindowsStandalone target not found
Refreshing native plugins compatible for Editor in 33.62 ms, found 2 plugins.
Preloading 0 native plugins for Editor in 0.00 ms.
Mono: successfully reloaded assembly
- Completed reload, in  1.815 seconds
Domain Reload Profiling:
	ReloadAssembly (1815ms)
		BeginReloadAssembly (88ms)
			ExecutionOrderSort (0ms)
			DisableScriptedObjects (0ms)
			BackupInstance (0ms)
			ReleaseScriptingObjects (0ms)
			CreateAndSetChildDomain (1ms)
		EndReloadAssembly (520ms)
			LoadAssemblies (83ms)
			RebuildTransferFunctionScriptingTraits (0ms)
			SetupTypeCache (193ms)
			ReleaseScriptCaches (0ms)
			RebuildScriptCaches (39ms)
			SetupLoadedEditorAssemblies (192ms)
				LogAssemblyErrors (0ms)
				InitializePlatformSupportModulesInManaged (5ms)
				SetLoadedEditorAssemblies (0ms)
				RefreshPlugins (34ms)
				BeforeProcessingInitializeOnLoad (21ms)
				ProcessInitializeOnLoadAttributes (96ms)
				ProcessInitializeOnLoadMethodAttributes (35ms)
				AfterProcessingInitializeOnLoad (0ms)
				EditorAssembliesLoaded (0ms)
			ExecutionOrderSort2 (0ms)
			AwakeInstancesAfterBackupRestoration (0ms)
Platform modules already initialized, skipping
Registering precompiled user dll's ...
Registered in 0.010141 seconds.
Begin MonoManager ReloadAssembly
Native extension for WindowsStandalone target not found
Refreshing native plugins compatible for Editor in 0.44 ms, found 2 plugins.
Preloading 0 native plugins for Editor in 0.00 ms.
Mono: successfully reloaded assembly
- Completed reload, in  1.954 seconds
Domain Reload Profiling:
	ReloadAssembly (1955ms)
		BeginReloadAssembly (272ms)
			ExecutionOrderSort (0ms)
			DisableScriptedObjects (7ms)
			BackupInstance (0ms)
			ReleaseScriptingObjects (0ms)
			CreateAndSetChildDomain (33ms)
		EndReloadAssembly (1568ms)
			LoadAssemblies (164ms)
			RebuildTransferFunctionScriptingTraits (0ms)
			SetupTypeCache (448ms)
			ReleaseScriptCaches (1ms)
			RebuildScriptCaches (62ms)
			SetupLoadedEditorAssemblies (757ms)
				LogAssemblyErrors (0ms)
				InitializePlatformSupportModulesInManaged (8ms)
				SetLoadedEditorAssemblies (1ms)
				RefreshPlugins (1ms)
				BeforeProcessingInitializeOnLoad (134ms)
				ProcessInitializeOnLoadAttributes (586ms)
				ProcessInitializeOnLoadMethodAttributes (7ms)
				AfterProcessingInitializeOnLoad (21ms)
				EditorAssembliesLoaded (0ms)
			ExecutionOrderSort2 (0ms)
			AwakeInstancesAfterBackupRestoration (10ms)
Platform modules already initialized, skipping
========================================================================
Worker process is ready to serve import requests
Launched and connected shader compiler UnityShaderCompiler.exe after 0.22 seconds
Refreshing native plugins compatible for Editor in 0.91 ms, found 2 plugins.
Preloading 0 native plugins for Editor in 0.00 ms.
Unloading 1397 Unused Serialized files (Serialized files now loaded: 0)
System memory in use before: 64.8 MB.
System memory in use after: 64.9 MB.

Unloading 18 unused Assets to reduce memory usage. Loaded Objects now: 1830.
Total: 4.964800 ms (FindLiveObjects: 0.239800 ms CreateObjectMapping: 0.080300 ms MarkObjects: 4.524900 ms  DeleteObjects: 0.117300 ms)

AssetImportParameters requested are different than current active one (requested -> active):
  custom:framework-win-MediaFoundation: 216162199b28c13a410421893ffa2e32 -> 
  custom:video-decoder-ogg-theora: a1e56fd34408186e4bbccfd4996cb3dc -> 
  custom:container-muxer-webm: aa71ff27fc2769a1b78a27578f13a17b -> 
  custom:container-demuxer-webm: 4f35f7cbe854078d1ac9338744f61a02 -> 
  custom:container-demuxer-ogg: 62fdf1f143b41e24485cea50d1cbac27 -> 
  custom:video-encoder-webm-vp8: eb34c28f22e8b96e1ab97ce403110664 -> 
  custom:video-decoder-webm-vp8: 9c59270c3fd7afecdb556c50c9e8de78 -> 
  custom:audio-decoder-ogg-vorbis: bf7c407c2cedff20999df2af8eb42d56 -> 
  custom:audio-encoder-webm-vorbis: bf7c407c2cedff20999df2af8eb42d56 -> 
========================================================================
Received Import Request.
  path: Assets/Models/Cars
  artifactKey: Guid(fa37dd343203d394cb95eaaf0ecfe611) Importer(815301076,1909f56bfc062723c751e8b465ee728b)
Start importing Assets/Models/Cars using Guid(fa37dd343203d394cb95eaaf0ecfe611) Importer(815301076,1909f56bfc062723c751e8b465ee728b)  -> (artifact id: '6e3f371b60a4368b41660829ab6ed4c2') in 0.046166 seconds 
  Import took 0.074519 seconds .

========================================================================
Received Import Request.
  Time since last request: 0.000467 seconds.
  path: Assets/Models
  artifactKey: Guid(cd935ed045c373148a728fe7c5fa6bdd) Importer(815301076,1909f56bfc062723c751e8b465ee728b)
Start importing Assets/Models using Guid(cd935ed045c373148a728fe7c5fa6bdd) Importer(815301076,1909f56bfc062723c751e8b465ee728b)  -> (artifact id: '35323042ad16162c899d964fddfdedb7') in 0.022475 seconds 
  Import took 0.026695 seconds .

========================================================================
Received Import Request.
  Time since last request: 0.000316 seconds.
  path: Assets/Models/Cars/suv.fbx
  artifactKey: Guid(afb42afe327dd934786de92b43e38489) Importer(815301076,1909f56bfc062723c751e8b465ee728b)
Start importing Assets/Models/Cars/suv.fbx using Guid(afb42afe327dd934786de92b43e38489) Importer(815301076,1909f56bfc062723c751e8b465ee728b)  -> (artifact id: 'f30ca1e5772c6490a0e7dc92984f356d') in 0.620202 seconds 
  Import took 0.646785 seconds .

========================================================================
Received Import Request.
  Time since last request: 2165.916112 seconds.
  path: Assets/Scenes/SampleScene.unity
  artifactKey: Guid(9fc0d4010bbf28b4594072e72b8655ab) Importer(815301076,1909f56bfc062723c751e8b465ee728b)
Start importing Assets/Scenes/SampleScene.unity using Guid(9fc0d4010bbf28b4594072e72b8655ab) Importer(815301076,1909f56bfc062723c751e8b465ee728b)  -> (artifact id: '15bab775e8862b4d3254b489804c7e0a') in 0.014125 seconds 
  Import took 0.018932 seconds .

========================================================================
Received Import Request.
  Time since last request: 3.257842 seconds.
  path: Assets/Scenes
  artifactKey: Guid(5514f2b79b599da4395be22748c1b425) Importer(815301076,1909f56bfc062723c751e8b465ee728b)
Start importing Assets/Scenes using Guid(5514f2b79b599da4395be22748c1b425) Importer(815301076,1909f56bfc062723c751e8b465ee728b)  -> (artifact id: 'a78a2e99130e4f9da918e69c7fd7636e') in 0.011707 seconds 
  Import took 0.035753 seconds .

========================================================================
Received Import Request.
  Time since last request: 7.743000 seconds.
  path: Assets
  artifactKey: Guid(00000000000000001000000000000000) Importer(815301076,1909f56bfc062723c751e8b465ee728b)
Start importing Assets using Guid(00000000000000001000000000000000) Importer(815301076,1909f56bfc062723c751e8b465ee728b)  -> (artifact id: '42d402b061de3733987d63b9cc3b64de') in 0.009824 seconds 
  Import took 0.406008 seconds .

========================================================================
Received Import Request.
  Time since last request: 5.489141 seconds.
  path: Assets/Settings
  artifactKey: Guid(736a4e66ce53c214282f2b5c6abb1784) Importer(815301076,1909f56bfc062723c751e8b465ee728b)
Start importing Assets/Settings using Guid(736a4e66ce53c214282f2b5c6abb1784) Importer(815301076,1909f56bfc062723c751e8b465ee728b)  -> (artifact id: 'b952d9b614662ccd2a3e666e4ee17be4') in 0.041409 seconds 
  Import took 0.051713 seconds .

========================================================================
Received Import Request.
  Time since last request: 71.268341 seconds.
  path: Assets/Scenes/New Material.mat
  artifactKey: Guid(a6a813c4d29f52d4a9b81137b771339c) Importer(815301076,1909f56bfc062723c751e8b465ee728b)
Start importing Assets/Scenes/New Material.mat using Guid(a6a813c4d29f52d4a9b81137b771339c) Importer(815301076,1909f56bfc062723c751e8b465ee728b)  -> (artifact id: '33e2cd1d765341433a981ee152f249d8') in 0.044725 seconds 
  Import took 0.048481 seconds .

========================================================================
Received Import Request.
  Time since last request: 28.055726 seconds.
  path: Assets/Scenes/Scene.unity
  artifactKey: Guid(424bcc97a933f0344a964c97491d62ca) Importer(815301076,1909f56bfc062723c751e8b465ee728b)
Start importing Assets/Scenes/Scene.unity using Guid(424bcc97a933f0344a964c97491d62ca) Importer(815301076,1909f56bfc062723c751e8b465ee728b)  -> (artifact id: '6c93f96a0f47d02f79bc7fc1fdc23699') in 0.011357 seconds 
  Import took 0.035715 seconds .

========================================================================
Received Prepare
Registering precompiled user dll's ...
Registered in 0.039269 seconds.
Begin MonoManager ReloadAssembly
Native extension for WindowsStandalone target not found
Refreshing native plugins compatible for Editor in 72.96 ms, found 2 plugins.
Preloading 0 native plugins for Editor in 0.00 ms.
Mono: successfully reloaded assembly
- Completed reload, in  5.436 seconds
Domain Reload Profiling:
	ReloadAssembly (5440ms)
		BeginReloadAssembly (2467ms)
			ExecutionOrderSort (0ms)
			DisableScriptedObjects (327ms)
			BackupInstance (0ms)
			ReleaseScriptingObjects (1ms)
			CreateAndSetChildDomain (830ms)
		EndReloadAssembly (2327ms)
			LoadAssemblies (1022ms)
			RebuildTransferFunctionScriptingTraits (0ms)
			SetupTypeCache (540ms)
			ReleaseScriptCaches (1ms)
			RebuildScriptCaches (58ms)
			SetupLoadedEditorAssemblies (1247ms)
				LogAssemblyErrors (0ms)
				InitializePlatformSupportModulesInManaged (7ms)
				SetLoadedEditorAssemblies (0ms)
				RefreshPlugins (73ms)
				BeforeProcessingInitializeOnLoad (126ms)
				ProcessInitializeOnLoadAttributes (1014ms)
				ProcessInitializeOnLoadMethodAttributes (6ms)
				AfterProcessingInitializeOnLoad (21ms)
				EditorAssembliesLoaded (0ms)
			ExecutionOrderSort2 (0ms)
			AwakeInstancesAfterBackupRestoration (11ms)
Platform modules already initialized, skipping
Shader 'Universal Render Pipeline/Nature/SpeedTree7': dependency 'BillboardShader' shader 'Universal Render Pipeline/Nature/SpeedTree7 Billboard' not found
Shader 'Universal Render Pipeline/Baked Lit': fallback shader 'Universal Render Pipeline/Unlit' not found
Shader 'Universal Render Pipeline/Simple Lit': fallback shader 'Hidden/Universal Render Pipeline/FallbackError' not found
Shader 'Universal Render Pipeline/Terrain/Lit': fallback shader 'Hidden/Universal Render Pipeline/FallbackError' not found
Shader 'Universal Render Pipeline/Terrain/Lit': dependency 'AddPassShader' shader 'Hidden/Universal Render Pipeline/Terrain/Lit (Add Pass)' not found
Shader 'Universal Render Pipeline/Terrain/Lit': dependency 'BaseMapShader' shader 'Hidden/Universal Render Pipeline/Terrain/Lit (Base Pass)' not found
Shader 'Universal Render Pipeline/Terrain/Lit': dependency 'BaseMapGenShader' shader 'Hidden/Universal Render Pipeline/Terrain/Lit (Basemap Gen)' not found
Shader 'Hidden/Universal Render Pipeline/Terrain/Lit (Add Pass)': fallback shader 'Hidden/Universal Render Pipeline/FallbackError' not found
Shader 'Hidden/Universal Render Pipeline/Terrain/Lit (Base Pass)': fallback shader 'Hidden/Universal Render Pipeline/FallbackError' not found
Shader 'Universal Render Pipeline/Particles/Lit': fallback shader 'Universal Render Pipeline/Particles/SimpleLit' not found
Shader 'Universal Render Pipeline/Particles/Lit': fallback shader 'Universal Render Pipeline/Particles/SimpleLit' not found
Refreshing native plugins compatible for Editor in 0.93 ms, found 2 plugins.
Preloading 0 native plugins for Editor in 0.00 ms.
Unloading 2646 Unused Serialized files (Serialized files now loaded: 0)
System memory in use before: 119.3 MB.
System memory in use after: 115.1 MB.

Unloading 70 unused Assets to reduce memory usage. Loaded Objects now: 3073.
Total: 7.754400 ms (FindLiveObjects: 0.314200 ms CreateObjectMapping: 0.173300 ms MarkObjects: 4.442100 ms  DeleteObjects: 2.823000 ms)

AssetImportParameters requested are different than current active one (requested -> active):
  custom:framework-win-MediaFoundation: 216162199b28c13a410421893ffa2e32 -> 
  custom:video-decoder-ogg-theora: a1e56fd34408186e4bbccfd4996cb3dc -> 
  custom:container-muxer-webm: aa71ff27fc2769a1b78a27578f13a17b -> 
  custom:container-demuxer-webm: 4f35f7cbe854078d1ac9338744f61a02 -> 
  custom:container-demuxer-ogg: 62fdf1f143b41e24485cea50d1cbac27 -> 
  custom:video-encoder-webm-vp8: eb34c28f22e8b96e1ab97ce403110664 -> 
  custom:video-decoder-webm-vp8: 9c59270c3fd7afecdb556c50c9e8de78 -> 
  custom:audio-decoder-ogg-vorbis: bf7c407c2cedff20999df2af8eb42d56 -> 
  custom:audio-encoder-webm-vorbis: bf7c407c2cedff20999df2af8eb42d56 -> 
========================================================================
Received Import Request.
  Time since last request: 364.912683 seconds.
  path: Assets/Settings/UniversalRenderPipelineAsset.asset
  artifactKey: Guid(bf8e96aa5a5396e4286332ba62e6c69c) Importer(815301076,1909f56bfc062723c751e8b465ee728b)
Start importing Assets/Settings/UniversalRenderPipelineAsset.asset using Guid(bf8e96aa5a5396e4286332ba62e6c69c) Importer(815301076,1909f56bfc062723c751e8b465ee728b)  -> (artifact id: 'bce12dada6bfee0ffdba6f6446cb5f9c') in 0.085509 seconds 
  Import took 0.092793 seconds .

========================================================================
Received Import Request.
  Time since last request: 0.000315 seconds.
  path: Assets/Settings/UniversalRenderPipelineAsset_Renderer.asset
  artifactKey: Guid(b0a5482d41f91044186241366258ab2c) Importer(815301076,1909f56bfc062723c751e8b465ee728b)
Start importing Assets/Settings/UniversalRenderPipelineAsset_Renderer.asset using Guid(b0a5482d41f91044186241366258ab2c) Importer(815301076,1909f56bfc062723c751e8b465ee728b)  -> (artifact id: '1e8e3c9e323a121522fcfb4840045074') in 0.054068 seconds 
  Import took 0.061413 seconds .

========================================================================
Received Prepare
Shader 'Universal Render Pipeline/Particles/Lit': fallback shader 'Universal Render Pipeline/Particles/SimpleLit' not found
Shader 'Universal Render Pipeline/Particles/Lit': fallback shader 'Universal Render Pipeline/Particles/SimpleLit' not found
Refreshing native plugins compatible for Editor in 6.87 ms, found 2 plugins.
Preloading 0 native plugins for Editor in 0.00 ms.
Unloading 116 Unused Serialized files (Serialized files now loaded: 0)
System memory in use before: 73.1 MB.
System memory in use after: 70.3 MB.

Unloading 47 unused Assets to reduce memory usage. Loaded Objects now: 3142.
Total: 6.855200 ms (FindLiveObjects: 0.313600 ms CreateObjectMapping: 0.128800 ms MarkObjects: 4.552200 ms  DeleteObjects: 1.859000 ms)

AssetImportParameters requested are different than current active one (requested -> active):
  custom:framework-win-MediaFoundation: 216162199b28c13a410421893ffa2e32 -> 
  custom:video-decoder-ogg-theora: a1e56fd34408186e4bbccfd4996cb3dc -> 
  custom:container-muxer-webm: aa71ff27fc2769a1b78a27578f13a17b -> 
  custom:container-demuxer-webm: 4f35f7cbe854078d1ac9338744f61a02 -> 
  custom:container-demuxer-ogg: 62fdf1f143b41e24485cea50d1cbac27 -> 
  custom:video-encoder-webm-vp8: eb34c28f22e8b96e1ab97ce403110664 -> 
  custom:video-decoder-webm-vp8: 9c59270c3fd7afecdb556c50c9e8de78 -> 
  custom:audio-decoder-ogg-vorbis: bf7c407c2cedff20999df2af8eb42d56 -> 
  custom:audio-encoder-webm-vorbis: bf7c407c2cedff20999df2af8eb42d56 -> 
========================================================================
Received Import Request.
  Time since last request: 44.145337 seconds.
  path: Assets/Settings/UniversalRenderPipelineAsset_Renderer.asset
  artifactKey: Guid(b0a5482d41f91044186241366258ab2c) Importer(815301076,1909f56bfc062723c751e8b465ee728b)
Start importing Assets/Settings/UniversalRenderPipelineAsset_Renderer.asset using Guid(b0a5482d41f91044186241366258ab2c) Importer(815301076,1909f56bfc062723c751e8b465ee728b)  -> (artifact id: '08c680f5ebd8c3aa82616733b233014f') in 0.006762 seconds 
  Import took 0.011713 seconds .

========================================================================
Received Import Request.
  Time since last request: 0.000282 seconds.
  path: Assets/Settings/UniversalRenderPipelineAsset.asset
  artifactKey: Guid(bf8e96aa5a5396e4286332ba62e6c69c) Importer(815301076,1909f56bfc062723c751e8b465ee728b)
Start importing Assets/Settings/UniversalRenderPipelineAsset.asset using Guid(bf8e96aa5a5396e4286332ba62e6c69c) Importer(815301076,1909f56bfc062723c751e8b465ee728b)  -> (artifact id: '89c1cdc0121664b166a20610d306b6d4') in 0.007027 seconds 
  Import took 0.011980 seconds .

========================================================================
Received Import Request.
  Time since last request: 86.798295 seconds.
  path: Assets/Models/Cars/suv.fbx
  artifactKey: Guid(afb42afe327dd934786de92b43e38489) Importer(815301076,1909f56bfc062723c751e8b465ee728b)
Start importing Assets/Models/Cars/suv.fbx using Guid(afb42afe327dd934786de92b43e38489) Importer(815301076,1909f56bfc062723c751e8b465ee728b)  -> (artifact id: '5ca4f39d635945895ec91f1af138a2f8') in 0.385633 seconds 
  Import took 0.391890 seconds .

========================================================================
Received Prepare
Registering precompiled user dll's ...
Registered in 0.013866 seconds.
Begin MonoManager ReloadAssembly
Native extension for WindowsStandalone target not found
Refreshing native plugins compatible for Editor in 0.73 ms, found 2 plugins.
Preloading 0 native plugins for Editor in 0.00 ms.
Invalid AssetDatabase path: /Editor/EditorResources/cm_logo_sm.png. Use path relative to the project folder.
UnityEngine.StackTraceUtility:ExtractStackTrace ()
UnityEditor.AssetDatabase:LoadAssetAtPath<UnityEngine.Texture2D> (string)
Cinemachine.Editor.CinemachineSettings:get_CinemachineLogoTexture () (at Library/PackageCache/com.unity.cinemachine@2.6.9/Editor/Windows/CinemachineSettings.cs:205)
Cinemachine.Editor.CinemachineSettings:.cctor () (at Library/PackageCache/com.unity.cinemachine@2.6.9/Editor/Windows/CinemachineSettings.cs:237)
Cinemachine.CinemachineColliderPrefs:.cctor () (at Library/PackageCache/com.unity.cinemachine@2.6.9/Editor/Windows/CinemachineColliderPrefs.cs:61)
System.Runtime.CompilerServices.RuntimeHelpers:RunClassConstructor (System.RuntimeTypeHandle)
UnityEditor.EditorAssemblies:ProcessInitializeOnLoadAttributes (System.Type[])

[Library/PackageCache/com.unity.cinemachine@2.6.9/Editor/Windows/CinemachineSettings.cs line 205]

Mono: successfully reloaded assembly
- Completed reload, in  2.022 seconds
Domain Reload Profiling:
	ReloadAssembly (2023ms)
		BeginReloadAssembly (249ms)
			ExecutionOrderSort (0ms)
			DisableScriptedObjects (12ms)
			BackupInstance (0ms)
			ReleaseScriptingObjects (0ms)
			CreateAndSetChildDomain (80ms)
		EndReloadAssembly (1654ms)
			LoadAssemblies (183ms)
			RebuildTransferFunctionScriptingTraits (0ms)
			SetupTypeCache (522ms)
			ReleaseScriptCaches (2ms)
			RebuildScriptCaches (70ms)
			SetupLoadedEditorAssemblies (661ms)
				LogAssemblyErrors (0ms)
				InitializePlatformSupportModulesInManaged (6ms)
				SetLoadedEditorAssemblies (1ms)
				RefreshPlugins (1ms)
				BeforeProcessingInitializeOnLoad (156ms)
				ProcessInitializeOnLoadAttributes (470ms)
				ProcessInitializeOnLoadMethodAttributes (6ms)
				AfterProcessingInitializeOnLoad (21ms)
				EditorAssembliesLoaded (0ms)
			ExecutionOrderSort2 (0ms)
			AwakeInstancesAfterBackupRestoration (26ms)
Platform modules already initialized, skipping
Shader 'Universal Render Pipeline/Particles/Lit': fallback shader 'Universal Render Pipeline/Particles/SimpleLit' not found
Shader 'Universal Render Pipeline/Particles/Lit': fallback shader 'Universal Render Pipeline/Particles/SimpleLit' not found
Refreshing native plugins compatible for Editor in 1.11 ms, found 2 plugins.
Preloading 0 native plugins for Editor in 0.00 ms.
Unloading 2774 Unused Serialized files (Serialized files now loaded: 0)
System memory in use before: 128.0 MB.
System memory in use after: 125.2 MB.

Unloading 50 unused Assets to reduce memory usage. Loaded Objects now: 3332.
Total: 7.446000 ms (FindLiveObjects: 0.344300 ms CreateObjectMapping: 0.215000 ms MarkObjects: 4.809000 ms  DeleteObjects: 2.075400 ms)

AssetImportParameters requested are different than current active one (requested -> active):
  custom:framework-win-MediaFoundation: 216162199b28c13a410421893ffa2e32 -> 
  custom:video-decoder-ogg-theora: a1e56fd34408186e4bbccfd4996cb3dc -> 
  custom:container-muxer-webm: aa71ff27fc2769a1b78a27578f13a17b -> 
  custom:container-demuxer-webm: 4f35f7cbe854078d1ac9338744f61a02 -> 
  custom:container-demuxer-ogg: 62fdf1f143b41e24485cea50d1cbac27 -> 
  custom:video-encoder-webm-vp8: eb34c28f22e8b96e1ab97ce403110664 -> 
  custom:video-decoder-webm-vp8: 9c59270c3fd7afecdb556c50c9e8de78 -> 
  custom:audio-decoder-ogg-vorbis: bf7c407c2cedff20999df2af8eb42d56 -> 
  custom:audio-encoder-webm-vorbis: bf7c407c2cedff20999df2af8eb42d56 -> 
========================================================================
Received Prepare
Registering precompiled user dll's ...
Registered in 0.013937 seconds.
Begin MonoManager ReloadAssembly
Native extension for WindowsStandalone target not found
Refreshing native plugins compatible for Editor in 0.73 ms, found 2 plugins.
Preloading 0 native plugins for Editor in 0.00 ms.
Mono: successfully reloaded assembly
- Completed reload, in  2.043 seconds
Domain Reload Profiling:
	ReloadAssembly (2043ms)
		BeginReloadAssembly (207ms)
			ExecutionOrderSort (0ms)
			DisableScriptedObjects (8ms)
			BackupInstance (0ms)
			ReleaseScriptingObjects (0ms)
			CreateAndSetChildDomain (62ms)
		EndReloadAssembly (1717ms)
			LoadAssemblies (184ms)
			RebuildTransferFunctionScriptingTraits (0ms)
			SetupTypeCache (508ms)
			ReleaseScriptCaches (2ms)
			RebuildScriptCaches (69ms)
			SetupLoadedEditorAssemblies (746ms)
				LogAssemblyErrors (0ms)
				InitializePlatformSupportModulesInManaged (6ms)
				SetLoadedEditorAssemblies (1ms)
				RefreshPlugins (1ms)
				BeforeProcessingInitializeOnLoad (154ms)
				ProcessInitializeOnLoadAttributes (555ms)
				ProcessInitializeOnLoadMethodAttributes (8ms)
				AfterProcessingInitializeOnLoad (21ms)
				EditorAssembliesLoaded (0ms)
			ExecutionOrderSort2 (0ms)
			AwakeInstancesAfterBackupRestoration (27ms)
Platform modules already initialized, skipping
Shader 'Universal Render Pipeline/Particles/Lit': fallback shader 'Universal Render Pipeline/Particles/SimpleLit' not found
Shader 'Universal Render Pipeline/Particles/Lit': fallback shader 'Universal Render Pipeline/Particles/SimpleLit' not found
Refreshing native plugins compatible for Editor in 1.02 ms, found 2 plugins.
Preloading 0 native plugins for Editor in 0.00 ms.
Unloading 2773 Unused Serialized files (Serialized files now loaded: 0)
System memory in use before: 128.1 MB.
System memory in use after: 125.3 MB.

Unloading 51 unused Assets to reduce memory usage. Loaded Objects now: 3335.
Total: 7.937100 ms (FindLiveObjects: 0.454400 ms CreateObjectMapping: 0.378600 ms MarkObjects: 4.832600 ms  DeleteObjects: 2.269200 ms)

AssetImportParameters requested are different than current active one (requested -> active):
  custom:framework-win-MediaFoundation: 216162199b28c13a410421893ffa2e32 -> 
  custom:video-decoder-ogg-theora: a1e56fd34408186e4bbccfd4996cb3dc -> 
  custom:container-muxer-webm: aa71ff27fc2769a1b78a27578f13a17b -> 
  custom:container-demuxer-webm: 4f35f7cbe854078d1ac9338744f61a02 -> 
  custom:container-demuxer-ogg: 62fdf1f143b41e24485cea50d1cbac27 -> 
  custom:video-encoder-webm-vp8: eb34c28f22e8b96e1ab97ce403110664 -> 
  custom:video-decoder-webm-vp8: 9c59270c3fd7afecdb556c50c9e8de78 -> 
  custom:audio-decoder-ogg-vorbis: bf7c407c2cedff20999df2af8eb42d56 -> 
  custom:audio-encoder-webm-vorbis: bf7c407c2cedff20999df2af8eb42d56 -> 
========================================================================
Received Import Request.
  Time since last request: 734.550112 seconds.
  path: Assets/FX
  artifactKey: Guid(fd2a8269aefe5644b9f897c3da284835) Importer(815301076,1909f56bfc062723c751e8b465ee728b)
Start importing Assets/FX using Guid(fd2a8269aefe5644b9f897c3da284835) Importer(815301076,1909f56bfc062723c751e8b465ee728b)  -> (artifact id: '3cf8ae2d073801c158b26ab3e2943175') in 0.018448 seconds 
  Import took 0.026148 seconds .

========================================================================
Received Import Request.
  Time since last request: 6.813146 seconds.
  path: Assets/FX/Shader
  artifactKey: Guid(9e836862574356d4abed42f9857493a2) Importer(815301076,1909f56bfc062723c751e8b465ee728b)
Start importing Assets/FX/Shader using Guid(9e836862574356d4abed42f9857493a2) Importer(815301076,1909f56bfc062723c751e8b465ee728b)  -> (artifact id: 'bd66cfa3f8842a8efb3ad1d48b4fdf43') in 0.010173 seconds 
  Import took 0.017316 seconds .

========================================================================
Received Import Request.
  Time since last request: 19.178889 seconds.
  path: Assets/FX/Shader/Toon.shader
  artifactKey: Guid(b279933c1ca2d0e45abe3f8e0815bb6d) Importer(815301076,1909f56bfc062723c751e8b465ee728b)
Start importing Assets/FX/Shader/Toon.shader using Guid(b279933c1ca2d0e45abe3f8e0815bb6d) Importer(815301076,1909f56bfc062723c751e8b465ee728b)  -> (artifact id: '87737b74ed746aaf734ab181df055814') in 0.024521 seconds 
  Import took 0.030273 seconds .

========================================================================
Received Import Request.
  Time since last request: 4.918389 seconds.
  path: Assets/FX/Shader/Toon.shader
  artifactKey: Guid(b279933c1ca2d0e45abe3f8e0815bb6d) Importer(815301076,1909f56bfc062723c751e8b465ee728b)
Start importing Assets/FX/Shader/Toon.shader using Guid(b279933c1ca2d0e45abe3f8e0815bb6d) Importer(815301076,1909f56bfc062723c751e8b465ee728b)  -> (artifact id: '87737b74ed746aaf734ab181df055814') in 0.006145 seconds 
  Import took 0.013176 seconds .

========================================================================
Received Import Request.
  Time since last request: 8.810283 seconds.
  path: Assets/FX/Materials
  artifactKey: Guid(9905d1df7ae5e38419f2289ba5682695) Importer(815301076,1909f56bfc062723c751e8b465ee728b)
Start importing Assets/FX/Materials using Guid(9905d1df7ae5e38419f2289ba5682695) Importer(815301076,1909f56bfc062723c751e8b465ee728b)  -> (artifact id: '8bef4b04bed6bb1dddfbdd87c690ff98') in 0.011041 seconds 
  Import took 0.017654 seconds .

========================================================================
Received Import Request.
  Time since last request: 15.875039 seconds.
  path: Assets/FX/Shader/Toon.mat
  artifactKey: Guid(58bd71118aaede3488ca0addeacd6c29) Importer(815301076,1909f56bfc062723c751e8b465ee728b)
Start importing Assets/FX/Shader/Toon.mat using Guid(58bd71118aaede3488ca0addeacd6c29) Importer(815301076,1909f56bfc062723c751e8b465ee728b)  -> (artifact id: 'f6f48c60098f27fbb2227ad4581a100b') in 0.196597 seconds 
  Import took 0.202817 seconds .

========================================================================
Received Import Request.
  Time since last request: 590.271849 seconds.
  path: Assets/FX/Shader/Toon.shader
  artifactKey: Guid(b279933c1ca2d0e45abe3f8e0815bb6d) Importer(815301076,1909f56bfc062723c751e8b465ee728b)
Start importing Assets/FX/Shader/Toon.shader using Guid(b279933c1ca2d0e45abe3f8e0815bb6d) Importer(815301076,1909f56bfc062723c751e8b465ee728b)  -> (artifact id: '95ef342b5da8c7219f94284fa2a6ef16') in 0.008552 seconds 
  Import took 0.018976 seconds .

========================================================================
Received Import Request.
  Time since last request: 299.802044 seconds.
  path: Assets/FX/Shader/Toon.shader
  artifactKey: Guid(b279933c1ca2d0e45abe3f8e0815bb6d) Importer(815301076,1909f56bfc062723c751e8b465ee728b)
Start importing Assets/FX/Shader/Toon.shader using Guid(b279933c1ca2d0e45abe3f8e0815bb6d) Importer(815301076,1909f56bfc062723c751e8b465ee728b)  -> (artifact id: '0cbab8a2a4679bbe965e17de6c8c3d78') in 0.007000 seconds 
  Import took 0.015364 seconds .

========================================================================
Received Import Request.
  Time since last request: 181.729552 seconds.
  path: Assets/FX/Shader/Toon.shader
  artifactKey: Guid(b279933c1ca2d0e45abe3f8e0815bb6d) Importer(815301076,1909f56bfc062723c751e8b465ee728b)
Start importing Assets/FX/Shader/Toon.shader using Guid(b279933c1ca2d0e45abe3f8e0815bb6d) Importer(815301076,1909f56bfc062723c751e8b465ee728b)  -> (artifact id: '48909a954279c647be68d9285c500d1d') in 0.008442 seconds 
  Import took 0.019115 seconds .

========================================================================
Received Import Request.
  Time since last request: 18.182190 seconds.
  path: Assets/FX/Shader/Toon.shader
  artifactKey: Guid(b279933c1ca2d0e45abe3f8e0815bb6d) Importer(815301076,1909f56bfc062723c751e8b465ee728b)
Start importing Assets/FX/Shader/Toon.shader using Guid(b279933c1ca2d0e45abe3f8e0815bb6d) Importer(815301076,1909f56bfc062723c751e8b465ee728b)  -> (artifact id: '39073714f11bd6301c95adad868a5a78') in 0.007380 seconds 
  Import took 0.015319 seconds .

========================================================================
Received Import Request.
  Time since last request: 172.977759 seconds.
  path: Assets/FX/ShaderGraph
  artifactKey: Guid(9e836862574356d4abed42f9857493a2) Importer(815301076,1909f56bfc062723c751e8b465ee728b)
Start importing Assets/FX/ShaderGraph using Guid(9e836862574356d4abed42f9857493a2) Importer(815301076,1909f56bfc062723c751e8b465ee728b)  -> (artifact id: '5192d11d8e19b510eae10b9eded50d2e') in 0.016559 seconds 
  Import took 0.025467 seconds .

========================================================================
Received Import Request.
  Time since last request: 17.600578 seconds.
  path: Assets/FX/ShaderGraph/Toon.shadergraph
  artifactKey: Guid(a2e46a3211dc8574985bf4074fab7843) Importer(815301076,1909f56bfc062723c751e8b465ee728b)
Start importing Assets/FX/ShaderGraph/Toon.shadergraph using Guid(a2e46a3211dc8574985bf4074fab7843) Importer(815301076,1909f56bfc062723c751e8b465ee728b)  -> (artifact id: '075f49f20debf1f1389d4585e7d318ff') in 0.011251 seconds 
  Import took 0.017405 seconds .

========================================================================
Received Import Request.
  Time since last request: 0.344235 seconds.
  path: Assets/FX/ShaderGraph/Toon.shadergraph
  artifactKey: Guid(a2e46a3211dc8574985bf4074fab7843) Importer(815301076,1909f56bfc062723c751e8b465ee728b)
Start importing Assets/FX/ShaderGraph/Toon.shadergraph using Guid(a2e46a3211dc8574985bf4074fab7843) Importer(815301076,1909f56bfc062723c751e8b465ee728b)  -> (artifact id: '075f49f20debf1f1389d4585e7d318ff') in 0.008002 seconds 
  Import took 0.016448 seconds .

========================================================================
Received Import Request.
  Time since last request: 175.924365 seconds.
  path: Assets/FX/ShaderGraph/Toon.shadergraph
  artifactKey: Guid(a2e46a3211dc8574985bf4074fab7843) Importer(815301076,1909f56bfc062723c751e8b465ee728b)
Start importing Assets/FX/ShaderGraph/Toon.shadergraph using Guid(a2e46a3211dc8574985bf4074fab7843) Importer(815301076,1909f56bfc062723c751e8b465ee728b)  -> (artifact id: 'fc9735232e98eaab0a72bff187376462') in 0.008047 seconds 
  Import took 0.014677 seconds .

========================================================================
Received Import Request.
  Time since last request: 0.347521 seconds.
  path: Assets/FX/ShaderGraph/Toon.shadergraph
  artifactKey: Guid(a2e46a3211dc8574985bf4074fab7843) Importer(815301076,1909f56bfc062723c751e8b465ee728b)
Start importing Assets/FX/ShaderGraph/Toon.shadergraph using Guid(a2e46a3211dc8574985bf4074fab7843) Importer(815301076,1909f56bfc062723c751e8b465ee728b)  -> (artifact id: 'fc9735232e98eaab0a72bff187376462') in 0.007392 seconds 
  Import took 0.013601 seconds .

========================================================================
Received Import Request.
  Time since last request: 16.979454 seconds.
  path: Assets/FX/ShaderGraph/Includes
  artifactKey: Guid(aba13d0ec61d53249aab47e8ee7c14c4) Importer(815301076,1909f56bfc062723c751e8b465ee728b)
Start importing Assets/FX/ShaderGraph/Includes using Guid(aba13d0ec61d53249aab47e8ee7c14c4) Importer(815301076,1909f56bfc062723c751e8b465ee728b)  -> (artifact id: '0c50a40a7cbfa128d45603f0ed6af0b5') in 0.037133 seconds 
  Import took 0.042960 seconds .

========================================================================
Received Import Request.
  Time since last request: 641.147700 seconds.
  path: Assets/FX/ShaderGraph/Toon.shadergraph
  artifactKey: Guid(a2e46a3211dc8574985bf4074fab7843) Importer(815301076,1909f56bfc062723c751e8b465ee728b)
Start importing Assets/FX/ShaderGraph/Toon.shadergraph using Guid(a2e46a3211dc8574985bf4074fab7843) Importer(815301076,1909f56bfc062723c751e8b465ee728b)  -> (artifact id: '96fd4d21674e0bae76c4939a6994bfb2') in 0.010030 seconds 
  Import took 0.018901 seconds .

========================================================================
Received Import Request.
  Time since last request: 0.455906 seconds.
  path: Assets/FX/ShaderGraph/Toon.shadergraph
  artifactKey: Guid(a2e46a3211dc8574985bf4074fab7843) Importer(815301076,1909f56bfc062723c751e8b465ee728b)
Start importing Assets/FX/ShaderGraph/Toon.shadergraph using Guid(a2e46a3211dc8574985bf4074fab7843) Importer(815301076,1909f56bfc062723c751e8b465ee728b)  -> (artifact id: '96fd4d21674e0bae76c4939a6994bfb2') in 0.010025 seconds 
  Import took 0.017431 seconds .

========================================================================
Received Import Request.
  Time since last request: 6.622861 seconds.
  path: Assets/FX/ShaderGraph/Toon.mat
  artifactKey: Guid(322e6ae1f1627ca4ab6e3182ac8ef4b3) Importer(815301076,1909f56bfc062723c751e8b465ee728b)
Start importing Assets/FX/ShaderGraph/Toon.mat using Guid(322e6ae1f1627ca4ab6e3182ac8ef4b3) Importer(815301076,1909f56bfc062723c751e8b465ee728b)  -> (artifact id: '4cb9677422bf0959c8a1814a8f0fd3d4') in 0.074870 seconds 
  Import took 0.086327 seconds .

========================================================================
Received Import Request.
  Time since last request: 109.099775 seconds.
  path: Assets/FX/ShaderGraph/Subgraphs
  artifactKey: Guid(f99f8beb6a1e8b246afb0f00545c2fca) Importer(815301076,1909f56bfc062723c751e8b465ee728b)
Start importing Assets/FX/ShaderGraph/Subgraphs using Guid(f99f8beb6a1e8b246afb0f00545c2fca) Importer(815301076,1909f56bfc062723c751e8b465ee728b)  -> (artifact id: 'c02ab067bfbb7ea5f041461d2da92d5b') in 0.011094 seconds 
  Import took 0.020858 seconds .

========================================================================
Received Import Request.
  Time since last request: 0.001225 seconds.
  path: Assets/FX/ShaderGraph/Subgraphs
  artifactKey: Guid(f99f8beb6a1e8b246afb0f00545c2fca) Importer(815301076,1909f56bfc062723c751e8b465ee728b)
Start importing Assets/FX/ShaderGraph/Subgraphs using Guid(f99f8beb6a1e8b246afb0f00545c2fca) Importer(815301076,1909f56bfc062723c751e8b465ee728b)  -> (artifact id: 'c02ab067bfbb7ea5f041461d2da92d5b') in 0.005106 seconds 
  Import took 0.015351 seconds .

AssetImportWorkerClient::OnTransportError - code=2 error=End of file
